<?xml version="1.0" encoding="UTF-8"?>
<testsuite name="de.adesso.referencer.utilities.referenceCreator.ResourceReaderTest" time="0.444" tests="2" errors="0" skipped="0" failures="0">
  <properties>
    <property name="java.runtime.name" value="Java(TM) SE Runtime Environment"/>
    <property name="sun.boot.library.path" value="D:\Program Files\Java\jdk1.8.0_45\jre\bin"/>
    <property name="java.vm.version" value="25.45-b02"/>
    <property name="java.vm.vendor" value="Oracle Corporation"/>
    <property name="java.vendor.url" value="http://java.oracle.com/"/>
    <property name="path.separator" value=";"/>
    <property name="guice.disable.misplaced.annotation.check" value="true"/>
    <property name="java.vm.name" value="Java HotSpot(TM) 64-Bit Server VM"/>
    <property name="file.encoding.pkg" value="sun.io"/>
    <property name="user.script" value=""/>
    <property name="user.country" value="DE"/>
    <property name="sun.java.launcher" value="SUN_STANDARD"/>
    <property name="sun.os.patch.level" value="Service Pack 1"/>
    <property name="java.vm.specification.name" value="Java Virtual Machine Specification"/>
    <property name="user.dir" value="D:\!Leon\Java\ForBericht\MyProjects\reference-creator"/>
    <property name="java.runtime.version" value="1.8.0_45-b14"/>
    <property name="java.awt.graphicsenv" value="sun.awt.Win32GraphicsEnvironment"/>
    <property name="java.endorsed.dirs" value="D:\Program Files\Java\jdk1.8.0_45\jre\lib\endorsed"/>
    <property name="os.arch" value="amd64"/>
    <property name="java.io.tmpdir" value="D:\Users\ODZHAR~1\AppData\Local\Temp\"/>
    <property name="line.separator" value="&#10;"/>
    <property name="java.vm.specification.vendor" value="Oracle Corporation"/>
    <property name="user.variant" value=""/>
    <property name="os.name" value="Windows 7"/>
    <property name="maven.ext.class.path" value="D:\Program Files\NetBeans 8.0.2\java\maven-nblib\netbeans-eventspy.jar"/>
    <property name="classworlds.conf" value="D:\!Leon\MyProgramms\apache-maven-3.2.5\bin\m2.conf"/>
    <property name="sun.jnu.encoding" value="Cp1252"/>
    <property name="java.library.path" value="D:\Program Files\Java\jdk1.8.0_45\bin;D:\WINDOWS\Sun\Java\bin;D:\WINDOWS\system32;D:\WINDOWS;D:\ProgramData\Oracle\Java\javapath;D:\WINDOWS\system32;D:\WINDOWS;D:\WINDOWS\System32\Wbem;D:\WINDOWS\System32\WindowsPowerShell\v1.0\;D:\Program Files\TortoiseGit\bin;D:\Program Files\TortoiseSVN\bin;D:\Program Files\cURL\bin;D:\Program Files\nodejs\;d:\!Leon\MyProgramms\apache-maven-3.2.5\bin\;D:\WINDOWS\System32\WindowsPowerShell\v1.0\;D:\Program Files (x86)\Skype\Phone\;D:\Program Files\Git\cmd;D:\HashiCorp\Vagrant\bin;D:\Program Files (x86)\MySQL\MySQL Fabric 1.5 &amp; MySQL Utilities 1.5\;D:\Program Files (x86)\MySQL\MySQL Fabric 1.5 &amp; MySQL Utilities 1.5\Doctrine extensions for PHP\;D:\Users\odzhara-ongom\AppData\Roaming\npm;D:\Program Files\Docker Toolbox;d:\Program Files\Git\bin\;d:\Program Files\Git\usr\bin;."/>
    <property name="java.specification.name" value="Java Platform API Specification"/>
    <property name="java.class.version" value="52.0"/>
    <property name="sun.management.compiler" value="HotSpot 64-Bit Tiered Compilers"/>
    <property name="os.version" value="6.1"/>
    <property name="user.home" value="D:\Users\odzhara-ongom"/>
    <property name="user.timezone" value="Europe/Berlin"/>
    <property name="java.awt.printerjob" value="sun.awt.windows.WPrinterJob"/>
    <property name="java.specification.version" value="1.8"/>
    <property name="file.encoding" value="UTF-8"/>
    <property name="user.name" value="odzhara-ongom"/>
    <property name="java.class.path" value="D:\!Leon\MyProgramms\apache-maven-3.2.5\boot\plexus-classworlds-2.5.2.jar"/>
    <property name="java.vm.specification.version" value="1.8"/>
    <property name="sun.arch.data.model" value="64"/>
    <property name="java.home" value="D:\Program Files\Java\jdk1.8.0_45\jre"/>
    <property name="sun.java.command" value="org.codehaus.plexus.classworlds.launcher.Launcher -Dmaven.ext.class.path=D:\Program Files\NetBeans 8.0.2\java\maven-nblib\netbeans-eventspy.jar -Dfile.encoding=UTF-8 install"/>
    <property name="java.specification.vendor" value="Oracle Corporation"/>
    <property name="user.language" value="de"/>
    <property name="awt.toolkit" value="sun.awt.windows.WToolkit"/>
    <property name="java.vm.info" value="mixed mode"/>
    <property name="java.version" value="1.8.0_45"/>
    <property name="java.ext.dirs" value="D:\Program Files\Java\jdk1.8.0_45\jre\lib\ext;D:\WINDOWS\Sun\Java\lib\ext"/>
    <property name="sun.boot.class.path" value="D:\Program Files\Java\jdk1.8.0_45\jre\lib\resources.jar;D:\Program Files\Java\jdk1.8.0_45\jre\lib\rt.jar;D:\Program Files\Java\jdk1.8.0_45\jre\lib\sunrsasign.jar;D:\Program Files\Java\jdk1.8.0_45\jre\lib\jsse.jar;D:\Program Files\Java\jdk1.8.0_45\jre\lib\jce.jar;D:\Program Files\Java\jdk1.8.0_45\jre\lib\charsets.jar;D:\Program Files\Java\jdk1.8.0_45\jre\lib\jfr.jar;D:\Program Files\Java\jdk1.8.0_45\jre\classes"/>
    <property name="java.vendor" value="Oracle Corporation"/>
    <property name="maven.home" value="D:\!Leon\MyProgramms\apache-maven-3.2.5"/>
    <property name="file.separator" value="\"/>
    <property name="java.vendor.url.bug" value="http://bugreport.sun.com/bugreport/"/>
    <property name="sun.cpu.endian" value="little"/>
    <property name="sun.io.unicode.encoding" value="UnicodeLittle"/>
    <property name="sun.desktop" value="windows"/>
    <property name="sun.cpu.isalist" value="amd64"/>
  </properties>
  <testcase name="testGetNotExistedFile" classname="de.adesso.referencer.utilities.referenceCreator.ResourceReaderTest" time="0.398"/>
  <testcase name="defaultDatabaseFile" classname="de.adesso.referencer.utilities.referenceCreator.ResourceReaderTest" time="0.046"/>
</testsuite>